[debug] [2026-03-26T01:53:26.128Z] ----------------------------------------------------------------------
[debug] [2026-03-26T01:53:26.131Z] Command:       D:\node.exe C:\Users\a\AppData\Roaming\npm\node_modules\firebase-tools\lib\bin\firebase.js deploy --only functions -P hella-ops
[debug] [2026-03-26T01:53:26.131Z] CLI Version:   15.1.0
[debug] [2026-03-26T01:53:26.132Z] Platform:      win32
[debug] [2026-03-26T01:53:26.132Z] Node Version:  v22.19.0
[debug] [2026-03-26T01:53:26.132Z] Time:          Thu Mar 26 2026 10:53:26 GMT+0900 (대한민국 표준시)
[debug] [2026-03-26T01:53:26.132Z] ----------------------------------------------------------------------
[debug] 
[debug] [2026-03-26T01:53:28.197Z] > command requires scopes: ["email","openid","https://www.googleapis.com/auth/cloudplatformprojects.readonly","https://www.googleapis.com/auth/firebase","https://www.googleapis.com/auth/cloud-platform"]
[debug] [2026-03-26T01:53:28.197Z] > authorizing via signed-in user (jsbae59@gmail.com)
[debug] [2026-03-26T01:53:28.197Z] [iam] checking project hella-ops for permissions ["cloudfunctions.functions.create","cloudfunctions.functions.delete","cloudfunctions.functions.get","cloudfunctions.functions.list","cloudfunctions.functions.update","cloudfunctions.operations.get","firebase.projects.get"]
[debug] [2026-03-26T01:53:28.198Z] Checked if tokens are valid: true, expires at: 1774493210810
[debug] [2026-03-26T01:53:28.198Z] Checked if tokens are valid: true, expires at: 1774493210810
[debug] [2026-03-26T01:53:28.199Z] >>> [apiv2][query] POST https://cloudresourcemanager.googleapis.com/v1/projects/hella-ops:testIamPermissions [none]
[debug] [2026-03-26T01:53:28.199Z] >>> [apiv2][(partial)header] POST https://cloudresourcemanager.googleapis.com/v1/projects/hella-ops:testIamPermissions x-goog-quota-user=projects/hella-ops
[debug] [2026-03-26T01:53:28.199Z] >>> [apiv2][body] POST https://cloudresourcemanager.googleapis.com/v1/projects/hella-ops:testIamPermissions {"permissions":["cloudfunctions.functions.create","cloudfunctions.functions.delete","cloudfunctions.functions.get","cloudfunctions.functions.list","cloudfunctions.functions.update","cloudfunctions.operations.get","firebase.projects.get"]}
[debug] [2026-03-26T01:53:28.488Z] <<< [apiv2][status] POST https://cloudresourcemanager.googleapis.com/v1/projects/hella-ops:testIamPermissions 200
[debug] [2026-03-26T01:53:28.488Z] <<< [apiv2][body] POST https://cloudresourcemanager.googleapis.com/v1/projects/hella-ops:testIamPermissions {"permissions":["cloudfunctions.functions.create","cloudfunctions.functions.delete","cloudfunctions.functions.get","cloudfunctions.functions.list","cloudfunctions.functions.update","cloudfunctions.operations.get","firebase.projects.get"]}
[debug] [2026-03-26T01:53:28.490Z] Checked if tokens are valid: true, expires at: 1774493210810
[debug] [2026-03-26T01:53:28.490Z] Checked if tokens are valid: true, expires at: 1774493210810
[debug] [2026-03-26T01:53:28.490Z] >>> [apiv2][query] POST https://iam.googleapis.com/v1/projects/hella-ops/serviceAccounts/hella-ops@appspot.gserviceaccount.com:testIamPermissions [none]
[debug] [2026-03-26T01:53:28.490Z] >>> [apiv2][body] POST https://iam.googleapis.com/v1/projects/hella-ops/serviceAccounts/hella-ops@appspot.gserviceaccount.com:testIamPermissions {"permissions":["iam.serviceAccounts.actAs"]}
